<?xml version="1.0" encoding="UTF-8"?>
<testsuite xmlns:xsi="http://www.w3.org/2001/XMLSchema-instance" xsi:noNamespaceSchemaLocation="https://maven.apache.org/surefire/maven-surefire-plugin/xsd/surefire-test-report.xsd" version="3.0.2" name="com.integration.tests.integration.InfrastructureTest" time="2.163" tests="5" errors="0" skipped="0" failures="0">
  <properties>
[...]
</properties>
  <testcase name="redisIsReachable" classname="com.integration.tests.integration.InfrastructureTest" time="0.065">
    <system-err><![CDATA[Feb 27, 2026 7:53:36 AM io.cucumber.junit.platform.engine.DiscoverySelectorResolver warnWhenCucumberFeaturesPropertyIsUsed
WARNING: Discovering tests using the cucumber.features property. Other discovery selectors are ignored!

This is a work around for the limited JUnit 5 support in Maven and Gradle. Please request/upvote/sponsor/ect better support for JUnit 5 discovery selectors. For details see: https://github.com/cucumber/cucumber-jvm/pull/2498

If you are using the JUnit 5 Suite Engine, Platform Launcher API or Console Launcher you should not use this property. Please consult the JUnit 5 documentation on test selection.
]]></system-err>
  </testcase>
  <testcase name="elasticMqIsReachable" classname="com.integration.tests.integration.InfrastructureTest" time="1.642"/>
  <testcase name="apiGatewayIsHealthy" classname="com.integration.tests.integration.InfrastructureTest" time="0.158"/>
  <testcase name="siebelIsHealthy" classname="com.integration.tests.integration.InfrastructureTest" time="0.139"/>
  <testcase name="coreApp1IsHealthy" classname="com.integration.tests.integration.InfrastructureTest" time="0.14"/>
</testsuite>